[2021-07-24 10:14:05.499] [exthost] [info] extension host started
[2021-07-24 10:14:05.499] [exthost] [info] Skipping acquiring lock for /home/shivank/.config/Code/User/workspaceStorage/1b6973cb2025ef7d059ecd6f069875bb.
[2021-07-24 10:14:05.782] [exthost] [info] ExtensionService#_doActivateExtension vscode.microsoft-authentication {"startup":false,"extensionId":{"value":"vscode.microsoft-authentication","_lower":"vscode.microsoft-authentication"},"activationEvent":"onAuthenticationRequest:microsoft"}
[2021-07-24 10:14:05.782] [exthost] [info] ExtensionService#loadCommonJSModule file:///home/shivank/Documents/VSCode-linux-x64/resources/app/extensions/microsoft-authentication/dist/extension.js
[2021-07-24 10:14:05.882] [exthost] [info] ExtensionService#_doActivateExtension vscode.css-language-features {"startup":false,"extensionId":{"value":"vscode.css-language-features","_lower":"vscode.css-language-features"},"activationEvent":"onLanguage:css"}
[2021-07-24 10:14:05.882] [exthost] [info] ExtensionService#loadCommonJSModule file:///home/shivank/Documents/VSCode-linux-x64/resources/app/extensions/css-language-features/client/dist/node/cssClientMain
[2021-07-24 10:14:05.955] [exthost] [info] ExtensionService#_doActivateExtension vscode.emmet {"startup":false,"extensionId":{"value":"vscode.emmet","_lower":"vscode.emmet"},"activationEvent":"onLanguage:css"}
[2021-07-24 10:14:05.955] [exthost] [info] ExtensionService#loadCommonJSModule file:///home/shivank/Documents/VSCode-linux-x64/resources/app/extensions/emmet/dist/node/emmetNodeMain
[2021-07-24 10:14:06.137] [exthost] [info] ExtensionService#_doActivateExtension vscode.debug-auto-launch {"startup":true,"extensionId":{"value":"vscode.debug-auto-launch","_lower":"vscode.debug-auto-launch"},"activationEvent":"*"}
[2021-07-24 10:14:06.137] [exthost] [info] ExtensionService#loadCommonJSModule file:///home/shivank/Documents/VSCode-linux-x64/resources/app/extensions/debug-auto-launch/dist/extension
[2021-07-24 10:14:06.322] [exthost] [info] ExtensionService#_doActivateExtension vscode.git {"startup":true,"extensionId":{"value":"vscode.github","_lower":"vscode.github"},"activationEvent":"*"}
[2021-07-24 10:14:06.322] [exthost] [info] ExtensionService#loadCommonJSModule file:///home/shivank/Documents/VSCode-linux-x64/resources/app/extensions/git/dist/main
[2021-07-24 10:14:06.437] [exthost] [info] ExtensionService#_doActivateExtension TabNine.tabnine-vscode {"startup":true,"extensionId":{"value":"TabNine.tabnine-vscode","_lower":"tabnine.tabnine-vscode"},"activationEvent":"*"}
[2021-07-24 10:14:06.437] [exthost] [info] ExtensionService#loadCommonJSModule file:///home/shivank/.vscode/extensions/tabnine.tabnine-vscode-3.4.17/out/extension
[2021-07-24 10:14:06.761] [exthost] [info] ExtensionService#_doActivateExtension vscode.configuration-editing {"startup":false,"extensionId":{"value":"vscode.configuration-editing","_lower":"vscode.configuration-editing"},"activationEvent":"onLanguage:jsonc"}
[2021-07-24 10:14:06.761] [exthost] [info] ExtensionService#loadCommonJSModule file:///home/shivank/Documents/VSCode-linux-x64/resources/app/extensions/configuration-editing/dist/configurationEditingMain
[2021-07-24 10:14:06.833] [exthost] [info] ExtensionService#_doActivateExtension vscode.json-language-features {"startup":false,"extensionId":{"value":"vscode.json-language-features","_lower":"vscode.json-language-features"},"activationEvent":"onLanguage:jsonc"}
[2021-07-24 10:14:06.833] [exthost] [info] ExtensionService#loadCommonJSModule file:///home/shivank/Documents/VSCode-linux-x64/resources/app/extensions/json-language-features/client/dist/node/jsonClientMain
[2021-07-24 10:14:06.976] [exthost] [info] ExtensionService#_doActivateExtension vscode.typescript-language-features {"startup":false,"extensionId":{"value":"vscode.typescript-language-features","_lower":"vscode.typescript-language-features"},"activationEvent":"onLanguage:jsonc"}
[2021-07-24 10:14:06.976] [exthost] [info] ExtensionService#loadCommonJSModule file:///home/shivank/Documents/VSCode-linux-x64/resources/app/extensions/typescript-language-features/dist/extension
[2021-07-24 10:14:07.323] [exthost] [info] ExtensionService#_doActivateExtension vscode.github {"startup":true,"extensionId":{"value":"vscode.github","_lower":"vscode.github"},"activationEvent":"*"}
[2021-07-24 10:14:07.323] [exthost] [info] ExtensionService#loadCommonJSModule file:///home/shivank/Documents/VSCode-linux-x64/resources/app/extensions/github/dist/extension.js
[2021-07-24 10:14:07.650] [exthost] [info] ExtensionService#_doActivateExtension ms-vscode.js-debug {"startup":false,"extensionId":{"value":"ms-vscode.js-debug","_lower":"ms-vscode.js-debug"},"activationEvent":"onCommand:extension.js-debug.clearAutoAttachVariables"}
[2021-07-24 10:14:07.650] [exthost] [info] ExtensionService#loadCommonJSModule file:///home/shivank/Documents/VSCode-linux-x64/resources/app/extensions/ms-vscode.js-debug/src/extension.js
[2021-07-24 10:14:08.384] [exthost] [info] eager extensions activated
[2021-07-24 10:14:08.407] [exthost] [info] ExtensionService#_doActivateExtension vscode.merge-conflict {"startup":false,"extensionId":{"value":"vscode.merge-conflict","_lower":"vscode.merge-conflict"},"activationEvent":"onStartupFinished"}
[2021-07-24 10:14:08.407] [exthost] [info] ExtensionService#loadCommonJSModule file:///home/shivank/Documents/VSCode-linux-x64/resources/app/extensions/merge-conflict/dist/mergeConflictMain
[2021-07-24 10:14:09.224] [exthost] [info] ExtensionService#_doActivateExtension vscode.testing-editor-contributions {"startup":false,"extensionId":{"value":"vscode.testing-editor-contributions","_lower":"vscode.testing-editor-contributions"},"activationEvent":"onStartupFinished"}
[2021-07-24 10:14:09.224] [exthost] [info] ExtensionService#loadCommonJSModule file:///home/shivank/Documents/VSCode-linux-x64/resources/app/extensions/testing-editor-contributions/dist/extension.js
[2021-07-24 10:14:09.885] [exthost] [info] ExtensionService#_doActivateExtension vscode.github-authentication {"startup":false,"extensionId":{"value":"vscode.github-authentication","_lower":"vscode.github-authentication"},"activationEvent":"onAuthenticationRequest:github"}
[2021-07-24 10:14:09.885] [exthost] [info] ExtensionService#loadCommonJSModule file:///home/shivank/Documents/VSCode-linux-x64/resources/app/extensions/github-authentication/dist/extension.js
[2021-07-24 10:17:14.720] [exthost] [info] ExtensionService#_doActivateExtension ms-vscode.cpptools {"startup":false,"extensionId":{"value":"ms-vscode.cpptools","_lower":"ms-vscode.cpptools"},"activationEvent":"*"}
[2021-07-24 10:17:14.720] [exthost] [info] ExtensionService#loadCommonJSModule file:///home/shivank/.vscode/extensions/ms-vscode.cpptools-1.5.1/dist/main
[2021-07-24 10:17:54.674] [exthost] [info] extension host terminating: renderer closed the socket
[2021-07-24 10:17:55.688] [exthost] [info] exiting with code 0
[2021-07-24 10:17:57.548] [exthost] [info] extension host started
[2021-07-24 10:17:57.548] [exthost] [info] Skipping acquiring lock for /home/shivank/.config/Code/User/workspaceStorage/d4d6a073337e6a1c28dff76c72099401.
[2021-07-24 10:17:57.633] [exthost] [info] ExtensionService#_doActivateExtension vscode.microsoft-authentication {"startup":false,"extensionId":{"value":"vscode.microsoft-authentication","_lower":"vscode.microsoft-authentication"},"activationEvent":"onAuthenticationRequest:microsoft"}
[2021-07-24 10:17:57.633] [exthost] [info] ExtensionService#loadCommonJSModule file:///home/shivank/Documents/VSCode-linux-x64/resources/app/extensions/microsoft-authentication/dist/extension.js
[2021-07-24 10:17:57.647] [exthost] [info] ExtensionService#_doActivateExtension vscode.debug-auto-launch {"startup":true,"extensionId":{"value":"vscode.debug-auto-launch","_lower":"vscode.debug-auto-launch"},"activationEvent":"*"}
[2021-07-24 10:17:57.647] [exthost] [info] ExtensionService#loadCommonJSModule file:///home/shivank/Documents/VSCode-linux-x64/resources/app/extensions/debug-auto-launch/dist/extension
[2021-07-24 10:17:57.651] [exthost] [info] ExtensionService#_doActivateExtension vscode.git {"startup":true,"extensionId":{"value":"vscode.github","_lower":"vscode.github"},"activationEvent":"*"}
[2021-07-24 10:17:57.651] [exthost] [info] ExtensionService#loadCommonJSModule file:///home/shivank/Documents/VSCode-linux-x64/resources/app/extensions/git/dist/main
[2021-07-24 10:17:57.672] [exthost] [info] ExtensionService#_doActivateExtension ms-vscode.cpptools {"startup":true,"extensionId":{"value":"ms-vscode.cpptools","_lower":"ms-vscode.cpptools"},"activationEvent":"*"}
[2021-07-24 10:17:57.672] [exthost] [info] ExtensionService#loadCommonJSModule file:///home/shivank/.vscode/extensions/ms-vscode.cpptools-1.5.1/dist/main
[2021-07-24 10:17:57.747] [exthost] [info] ExtensionService#_doActivateExtension TabNine.tabnine-vscode {"startup":true,"extensionId":{"value":"TabNine.tabnine-vscode","_lower":"tabnine.tabnine-vscode"},"activationEvent":"*"}
[2021-07-24 10:17:57.747] [exthost] [info] ExtensionService#loadCommonJSModule file:///home/shivank/.vscode/extensions/tabnine.tabnine-vscode-3.4.17/out/extension
[2021-07-24 10:17:58.067] [exthost] [info] ExtensionService#_doActivateExtension vscode.configuration-editing {"startup":false,"extensionId":{"value":"vscode.configuration-editing","_lower":"vscode.configuration-editing"},"activationEvent":"onLanguage:jsonc"}
[2021-07-24 10:17:58.067] [exthost] [info] ExtensionService#loadCommonJSModule file:///home/shivank/Documents/VSCode-linux-x64/resources/app/extensions/configuration-editing/dist/configurationEditingMain
[2021-07-24 10:17:58.072] [exthost] [info] ExtensionService#_doActivateExtension vscode.json-language-features {"startup":false,"extensionId":{"value":"vscode.json-language-features","_lower":"vscode.json-language-features"},"activationEvent":"onLanguage:jsonc"}
[2021-07-24 10:17:58.072] [exthost] [info] ExtensionService#loadCommonJSModule file:///home/shivank/Documents/VSCode-linux-x64/resources/app/extensions/json-language-features/client/dist/node/jsonClientMain
[2021-07-24 10:17:58.116] [exthost] [info] ExtensionService#_doActivateExtension vscode.typescript-language-features {"startup":false,"extensionId":{"value":"vscode.typescript-language-features","_lower":"vscode.typescript-language-features"},"activationEvent":"onLanguage:jsonc"}
[2021-07-24 10:17:58.116] [exthost] [info] ExtensionService#loadCommonJSModule file:///home/shivank/Documents/VSCode-linux-x64/resources/app/extensions/typescript-language-features/dist/extension
[2021-07-24 10:17:58.325] [exthost] [info] ExtensionService#_doActivateExtension ms-vscode.js-debug {"startup":false,"extensionId":{"value":"ms-vscode.js-debug","_lower":"ms-vscode.js-debug"},"activationEvent":"onCommand:extension.js-debug.clearAutoAttachVariables"}
[2021-07-24 10:17:58.325] [exthost] [info] ExtensionService#loadCommonJSModule file:///home/shivank/Documents/VSCode-linux-x64/resources/app/extensions/ms-vscode.js-debug/src/extension.js
[2021-07-24 10:17:58.499] [exthost] [info] ExtensionService#_doActivateExtension vscode.github {"startup":false,"extensionId":{"value":"vscode.github","_lower":"vscode.github"},"activationEvent":"*"}
[2021-07-24 10:17:58.499] [exthost] [info] ExtensionService#loadCommonJSModule file:///home/shivank/Documents/VSCode-linux-x64/resources/app/extensions/github/dist/extension.js
[2021-07-24 10:17:58.672] [exthost] [info] ExtensionService#_doActivateExtension vscode.github-authentication {"startup":false,"extensionId":{"value":"vscode.github-authentication","_lower":"vscode.github-authentication"},"activationEvent":"onAuthenticationRequest:github"}
[2021-07-24 10:17:58.672] [exthost] [info] ExtensionService#loadCommonJSModule file:///home/shivank/Documents/VSCode-linux-x64/resources/app/extensions/github-authentication/dist/extension.js
[2021-07-24 10:18:07.621] [exthost] [info] ExtensionService#_doActivateExtension vscode.emmet {"startup":false,"extensionId":{"value":"vscode.emmet","_lower":"vscode.emmet"},"activationEvent":"onStartupFinished"}
[2021-07-24 10:18:07.621] [exthost] [info] ExtensionService#loadCommonJSModule file:///home/shivank/Documents/VSCode-linux-x64/resources/app/extensions/emmet/dist/node/emmetNodeMain
[2021-07-24 10:18:07.633] [exthost] [info] ExtensionService#_doActivateExtension vscode.merge-conflict {"startup":false,"extensionId":{"value":"vscode.merge-conflict","_lower":"vscode.merge-conflict"},"activationEvent":"onStartupFinished"}
[2021-07-24 10:18:07.633] [exthost] [info] ExtensionService#loadCommonJSModule file:///home/shivank/Documents/VSCode-linux-x64/resources/app/extensions/merge-conflict/dist/mergeConflictMain
[2021-07-24 10:18:07.639] [exthost] [info] ExtensionService#_doActivateExtension vscode.testing-editor-contributions {"startup":false,"extensionId":{"value":"vscode.testing-editor-contributions","_lower":"vscode.testing-editor-contributions"},"activationEvent":"onStartupFinished"}
[2021-07-24 10:18:07.639] [exthost] [info] ExtensionService#loadCommonJSModule file:///home/shivank/Documents/VSCode-linux-x64/resources/app/extensions/testing-editor-contributions/dist/extension.js
[2021-07-24 10:18:43.924] [exthost] [info] eager extensions activated
[2021-07-24 10:18:56.608] [exthost] [info] ExtensionService#_doActivateExtension vscode.extension-editing {"startup":false,"extensionId":{"value":"vscode.extension-editing","_lower":"vscode.extension-editing"},"activationEvent":"onLanguage:json"}
[2021-07-24 10:18:56.608] [exthost] [info] ExtensionService#loadCommonJSModule file:///home/shivank/Documents/VSCode-linux-x64/resources/app/extensions/extension-editing/dist/extensionEditingMain
[2021-07-24 10:18:56.716] [exthost] [info] ExtensionService#_doActivateExtension vscode.npm {"startup":false,"extensionId":{"value":"vscode.npm","_lower":"vscode.npm"},"activationEvent":"onLanguage:json"}
[2021-07-24 10:18:56.716] [exthost] [info] ExtensionService#loadCommonJSModule file:///home/shivank/Documents/VSCode-linux-x64/resources/app/extensions/npm/dist/npmMain
[2021-07-24 10:19:07.397] [exthost] [info] ExtensionService#_doActivateExtension formulahendry.code-runner {"startup":false,"extensionId":{"value":"formulahendry.code-runner","_lower":"formulahendry.code-runner"},"activationEvent":"onStartupFinished"}
[2021-07-24 10:19:07.398] [exthost] [info] ExtensionService#loadCommonJSModule file:///home/shivank/.vscode/extensions/formulahendry.code-runner-0.11.5/out/src/extension
[2021-07-24 10:19:11.513] [exthost] [info] extension host terminating: renderer closed the socket
[2021-07-24 10:19:12.542] [exthost] [info] exiting with code 0
