[2021-07-21 12:49:09.885] [exthost] [info] extension host started
[2021-07-21 12:49:09.885] [exthost] [info] Skipping acquiring lock for /home/shivank/.config/Code/User/workspaceStorage/1b6973cb2025ef7d059ecd6f069875bb.
[2021-07-21 12:49:09.934] [exthost] [info] ExtensionService#_doActivateExtension vscode.microsoft-authentication {"startup":false,"extensionId":{"value":"vscode.microsoft-authentication","_lower":"vscode.microsoft-authentication"},"activationEvent":"onAuthenticationRequest:microsoft"}
[2021-07-21 12:49:09.935] [exthost] [info] ExtensionService#loadCommonJSModule file:///home/shivank/Documents/VSCode-linux-x64/resources/app/extensions/microsoft-authentication/dist/extension.js
[2021-07-21 12:49:10.073] [exthost] [info] ExtensionService#_doActivateExtension vscode.css-language-features {"startup":false,"extensionId":{"value":"vscode.css-language-features","_lower":"vscode.css-language-features"},"activationEvent":"onLanguage:css"}
[2021-07-21 12:49:10.073] [exthost] [info] ExtensionService#loadCommonJSModule file:///home/shivank/Documents/VSCode-linux-x64/resources/app/extensions/css-language-features/client/dist/node/cssClientMain
[2021-07-21 12:49:10.260] [exthost] [info] ExtensionService#_doActivateExtension vscode.emmet {"startup":false,"extensionId":{"value":"vscode.emmet","_lower":"vscode.emmet"},"activationEvent":"onLanguage:css"}
[2021-07-21 12:49:10.260] [exthost] [info] ExtensionService#loadCommonJSModule file:///home/shivank/Documents/VSCode-linux-x64/resources/app/extensions/emmet/dist/node/emmetNodeMain
[2021-07-21 12:49:10.511] [exthost] [info] ExtensionService#_doActivateExtension vscode.debug-auto-launch {"startup":true,"extensionId":{"value":"vscode.debug-auto-launch","_lower":"vscode.debug-auto-launch"},"activationEvent":"*"}
[2021-07-21 12:49:10.511] [exthost] [info] ExtensionService#loadCommonJSModule file:///home/shivank/Documents/VSCode-linux-x64/resources/app/extensions/debug-auto-launch/dist/extension
[2021-07-21 12:49:10.539] [exthost] [info] ExtensionService#_doActivateExtension vscode.git {"startup":true,"extensionId":{"value":"vscode.github","_lower":"vscode.github"},"activationEvent":"*"}
[2021-07-21 12:49:10.540] [exthost] [info] ExtensionService#loadCommonJSModule file:///home/shivank/Documents/VSCode-linux-x64/resources/app/extensions/git/dist/main
[2021-07-21 12:49:10.632] [exthost] [info] ExtensionService#_doActivateExtension TabNine.tabnine-vscode {"startup":true,"extensionId":{"value":"TabNine.tabnine-vscode","_lower":"tabnine.tabnine-vscode"},"activationEvent":"*"}
[2021-07-21 12:49:10.632] [exthost] [info] ExtensionService#loadCommonJSModule file:///home/shivank/.vscode/extensions/tabnine.tabnine-vscode-3.4.17/out/extension
[2021-07-21 12:49:10.760] [exthost] [info] ExtensionService#_doActivateExtension vscode.configuration-editing {"startup":false,"extensionId":{"value":"vscode.configuration-editing","_lower":"vscode.configuration-editing"},"activationEvent":"onLanguage:jsonc"}
[2021-07-21 12:49:10.761] [exthost] [info] ExtensionService#loadCommonJSModule file:///home/shivank/Documents/VSCode-linux-x64/resources/app/extensions/configuration-editing/dist/configurationEditingMain
[2021-07-21 12:49:10.866] [exthost] [info] ExtensionService#_doActivateExtension vscode.json-language-features {"startup":false,"extensionId":{"value":"vscode.json-language-features","_lower":"vscode.json-language-features"},"activationEvent":"onLanguage:jsonc"}
[2021-07-21 12:49:10.866] [exthost] [info] ExtensionService#loadCommonJSModule file:///home/shivank/Documents/VSCode-linux-x64/resources/app/extensions/json-language-features/client/dist/node/jsonClientMain
[2021-07-21 12:49:11.017] [exthost] [info] ExtensionService#_doActivateExtension vscode.typescript-language-features {"startup":false,"extensionId":{"value":"vscode.typescript-language-features","_lower":"vscode.typescript-language-features"},"activationEvent":"onLanguage:jsonc"}
[2021-07-21 12:49:11.018] [exthost] [info] ExtensionService#loadCommonJSModule file:///home/shivank/Documents/VSCode-linux-x64/resources/app/extensions/typescript-language-features/dist/extension
[2021-07-21 12:49:11.383] [exthost] [info] ExtensionService#_doActivateExtension vscode.github {"startup":true,"extensionId":{"value":"vscode.github","_lower":"vscode.github"},"activationEvent":"*"}
[2021-07-21 12:49:11.383] [exthost] [info] ExtensionService#loadCommonJSModule file:///home/shivank/Documents/VSCode-linux-x64/resources/app/extensions/github/dist/extension.js
[2021-07-21 12:49:11.672] [exthost] [info] eager extensions activated
[2021-07-21 12:49:11.697] [exthost] [info] ExtensionService#_doActivateExtension ms-vscode.js-debug {"startup":false,"extensionId":{"value":"ms-vscode.js-debug","_lower":"ms-vscode.js-debug"},"activationEvent":"onCommand:extension.js-debug.clearAutoAttachVariables"}
[2021-07-21 12:49:11.697] [exthost] [info] ExtensionService#loadCommonJSModule file:///home/shivank/Documents/VSCode-linux-x64/resources/app/extensions/ms-vscode.js-debug/src/extension.js
[2021-07-21 12:49:12.235] [exthost] [info] ExtensionService#_doActivateExtension vscode.merge-conflict {"startup":false,"extensionId":{"value":"vscode.merge-conflict","_lower":"vscode.merge-conflict"},"activationEvent":"onStartupFinished"}
[2021-07-21 12:49:12.235] [exthost] [info] ExtensionService#loadCommonJSModule file:///home/shivank/Documents/VSCode-linux-x64/resources/app/extensions/merge-conflict/dist/mergeConflictMain
[2021-07-21 12:49:12.261] [exthost] [info] ExtensionService#_doActivateExtension vscode.testing-editor-contributions {"startup":false,"extensionId":{"value":"vscode.testing-editor-contributions","_lower":"vscode.testing-editor-contributions"},"activationEvent":"onStartupFinished"}
[2021-07-21 12:49:12.261] [exthost] [info] ExtensionService#loadCommonJSModule file:///home/shivank/Documents/VSCode-linux-x64/resources/app/extensions/testing-editor-contributions/dist/extension.js
[2021-07-21 12:49:12.279] [exthost] [info] ExtensionService#_doActivateExtension Sudhan.neondark-theme {"startup":false,"extensionId":{"value":"Sudhan.neondark-theme","_lower":"sudhan.neondark-theme"},"activationEvent":"onStartupFinished"}
[2021-07-21 12:49:12.279] [exthost] [info] ExtensionService#loadCommonJSModule file:///home/shivank/.vscode/extensions/sudhan.neondark-theme-1.1.1/src/index.js
[2021-07-21 12:49:12.433] [exthost] [info] ExtensionService#_doActivateExtension vscode.github-authentication {"startup":false,"extensionId":{"value":"vscode.github-authentication","_lower":"vscode.github-authentication"},"activationEvent":"onAuthenticationRequest:github"}
[2021-07-21 12:49:12.433] [exthost] [info] ExtensionService#loadCommonJSModule file:///home/shivank/Documents/VSCode-linux-x64/resources/app/extensions/github-authentication/dist/extension.js
[2021-07-21 12:49:42.763] [exthost] [info] ExtensionService#_doActivateExtension vscode.html-language-features {"startup":false,"extensionId":{"value":"vscode.html-language-features","_lower":"vscode.html-language-features"},"activationEvent":"onLanguage:html"}
[2021-07-21 12:49:42.763] [exthost] [info] ExtensionService#loadCommonJSModule file:///home/shivank/Documents/VSCode-linux-x64/resources/app/extensions/html-language-features/client/dist/node/htmlClientMain
[2021-07-21 12:50:00.576] [exthost] [info] extension host terminating: renderer closed the socket
[2021-07-21 12:50:01.595] [exthost] [info] exiting with code 0
[2021-07-21 12:50:04.034] [exthost] [info] extension host started
[2021-07-21 12:50:04.034] [exthost] [info] Skipping acquiring lock for /home/shivank/.config/Code/User/workspaceStorage/1b6973cb2025ef7d059ecd6f069875bb.
[2021-07-21 12:50:04.367] [exthost] [info] ExtensionService#_doActivateExtension vscode.microsoft-authentication {"startup":false,"extensionId":{"value":"vscode.microsoft-authentication","_lower":"vscode.microsoft-authentication"},"activationEvent":"onAuthenticationRequest:microsoft"}
[2021-07-21 12:50:04.367] [exthost] [info] ExtensionService#loadCommonJSModule file:///home/shivank/Documents/VSCode-linux-x64/resources/app/extensions/microsoft-authentication/dist/extension.js
[2021-07-21 12:50:04.390] [exthost] [info] ExtensionService#_doActivateExtension vscode.css-language-features {"startup":false,"extensionId":{"value":"vscode.css-language-features","_lower":"vscode.css-language-features"},"activationEvent":"onLanguage:css"}
[2021-07-21 12:50:04.391] [exthost] [info] ExtensionService#loadCommonJSModule file:///home/shivank/Documents/VSCode-linux-x64/resources/app/extensions/css-language-features/client/dist/node/cssClientMain
[2021-07-21 12:50:04.416] [exthost] [info] ExtensionService#_doActivateExtension vscode.emmet {"startup":false,"extensionId":{"value":"vscode.emmet","_lower":"vscode.emmet"},"activationEvent":"onLanguage:css"}
[2021-07-21 12:50:04.416] [exthost] [info] ExtensionService#loadCommonJSModule file:///home/shivank/Documents/VSCode-linux-x64/resources/app/extensions/emmet/dist/node/emmetNodeMain
[2021-07-21 12:50:04.427] [exthost] [info] ExtensionService#_doActivateExtension vscode.debug-auto-launch {"startup":true,"extensionId":{"value":"vscode.debug-auto-launch","_lower":"vscode.debug-auto-launch"},"activationEvent":"*"}
[2021-07-21 12:50:04.427] [exthost] [info] ExtensionService#loadCommonJSModule file:///home/shivank/Documents/VSCode-linux-x64/resources/app/extensions/debug-auto-launch/dist/extension
[2021-07-21 12:50:04.432] [exthost] [info] ExtensionService#_doActivateExtension vscode.git {"startup":true,"extensionId":{"value":"vscode.github","_lower":"vscode.github"},"activationEvent":"*"}
[2021-07-21 12:50:04.432] [exthost] [info] ExtensionService#loadCommonJSModule file:///home/shivank/Documents/VSCode-linux-x64/resources/app/extensions/git/dist/main
[2021-07-21 12:50:04.464] [exthost] [info] ExtensionService#_doActivateExtension TabNine.tabnine-vscode {"startup":true,"extensionId":{"value":"TabNine.tabnine-vscode","_lower":"tabnine.tabnine-vscode"},"activationEvent":"*"}
[2021-07-21 12:50:04.465] [exthost] [info] ExtensionService#loadCommonJSModule file:///home/shivank/.vscode/extensions/tabnine.tabnine-vscode-3.4.17/out/extension
[2021-07-21 12:50:05.113] [exthost] [info] ExtensionService#_doActivateExtension vscode.github {"startup":true,"extensionId":{"value":"vscode.github","_lower":"vscode.github"},"activationEvent":"*"}
[2021-07-21 12:50:05.113] [exthost] [info] ExtensionService#loadCommonJSModule file:///home/shivank/Documents/VSCode-linux-x64/resources/app/extensions/github/dist/extension.js
[2021-07-21 12:50:05.239] [exthost] [info] eager extensions activated
[2021-07-21 12:50:05.369] [exthost] [info] ExtensionService#_doActivateExtension vscode.configuration-editing {"startup":false,"extensionId":{"value":"vscode.configuration-editing","_lower":"vscode.configuration-editing"},"activationEvent":"onLanguage:jsonc"}
[2021-07-21 12:50:05.370] [exthost] [info] ExtensionService#loadCommonJSModule file:///home/shivank/Documents/VSCode-linux-x64/resources/app/extensions/configuration-editing/dist/configurationEditingMain
[2021-07-21 12:50:05.374] [exthost] [info] ExtensionService#_doActivateExtension vscode.json-language-features {"startup":false,"extensionId":{"value":"vscode.json-language-features","_lower":"vscode.json-language-features"},"activationEvent":"onLanguage:jsonc"}
[2021-07-21 12:50:05.375] [exthost] [info] ExtensionService#loadCommonJSModule file:///home/shivank/Documents/VSCode-linux-x64/resources/app/extensions/json-language-features/client/dist/node/jsonClientMain
[2021-07-21 12:50:05.406] [exthost] [info] ExtensionService#_doActivateExtension vscode.typescript-language-features {"startup":false,"extensionId":{"value":"vscode.typescript-language-features","_lower":"vscode.typescript-language-features"},"activationEvent":"onLanguage:jsonc"}
[2021-07-21 12:50:05.406] [exthost] [info] ExtensionService#loadCommonJSModule file:///home/shivank/Documents/VSCode-linux-x64/resources/app/extensions/typescript-language-features/dist/extension
[2021-07-21 12:50:05.422] [exthost] [info] ExtensionService#_doActivateExtension ms-vscode.js-debug {"startup":false,"extensionId":{"value":"ms-vscode.js-debug","_lower":"ms-vscode.js-debug"},"activationEvent":"onCommand:extension.js-debug.clearAutoAttachVariables"}
[2021-07-21 12:50:05.422] [exthost] [info] ExtensionService#loadCommonJSModule file:///home/shivank/Documents/VSCode-linux-x64/resources/app/extensions/ms-vscode.js-debug/src/extension.js
[2021-07-21 12:50:05.639] [exthost] [info] ExtensionService#_doActivateExtension vscode.merge-conflict {"startup":false,"extensionId":{"value":"vscode.merge-conflict","_lower":"vscode.merge-conflict"},"activationEvent":"onStartupFinished"}
[2021-07-21 12:50:05.639] [exthost] [info] ExtensionService#loadCommonJSModule file:///home/shivank/Documents/VSCode-linux-x64/resources/app/extensions/merge-conflict/dist/mergeConflictMain
[2021-07-21 12:50:05.651] [exthost] [info] ExtensionService#_doActivateExtension vscode.testing-editor-contributions {"startup":false,"extensionId":{"value":"vscode.testing-editor-contributions","_lower":"vscode.testing-editor-contributions"},"activationEvent":"onStartupFinished"}
[2021-07-21 12:50:05.652] [exthost] [info] ExtensionService#loadCommonJSModule file:///home/shivank/Documents/VSCode-linux-x64/resources/app/extensions/testing-editor-contributions/dist/extension.js
[2021-07-21 12:50:05.980] [exthost] [info] ExtensionService#_doActivateExtension vscode.github-authentication {"startup":false,"extensionId":{"value":"vscode.github-authentication","_lower":"vscode.github-authentication"},"activationEvent":"onAuthenticationRequest:github"}
[2021-07-21 12:50:05.980] [exthost] [info] ExtensionService#loadCommonJSModule file:///home/shivank/Documents/VSCode-linux-x64/resources/app/extensions/github-authentication/dist/extension.js
[2021-07-21 12:54:54.788] [exthost] [info] ExtensionService#_doActivateExtension vscode.html-language-features {"startup":false,"extensionId":{"value":"vscode.html-language-features","_lower":"vscode.html-language-features"},"activationEvent":"onLanguage:html"}
[2021-07-21 12:54:54.788] [exthost] [info] ExtensionService#loadCommonJSModule file:///home/shivank/Documents/VSCode-linux-x64/resources/app/extensions/html-language-features/client/dist/node/htmlClientMain
[2021-07-21 12:56:52.838] [exthost] [info] extension host terminating: renderer closed the socket
[2021-07-21 12:56:53.857] [exthost] [info] exiting with code 0
