00:00:00.054590 main     VirtualBox XPCOM Server 6.1.22 r144080 linux.amd64 (Jun 21 2021 10:09:41) release log
00:00:00.054593 main     Log opened 2021-07-19T03:50:17.568580000Z
00:00:00.054594 main     Build Type: release
00:00:00.054596 main     OS Product: Linux
00:00:00.054597 main     OS Release: 5.12.15-arch1-1
00:00:00.054599 main     OS Version: #1 SMP PREEMPT Wed, 07 Jul 2021 23:35:29 +0000
00:00:00.054621 main     DMI Product Name: Inspiron 3558
00:00:00.054633 main     DMI Product Version: 
00:00:00.054638 main     Firmware type: UEFI
00:00:00.054946 main     Secure Boot: Disabled
00:00:00.054992 main     Host RAM: 3838MB (3.7GB) total, 3614MB (3.5GB) available
00:00:00.054996 main     Executable: /usr/lib/virtualbox/VBoxSVC
00:00:00.054997 main     Process ID: 1525
00:00:00.054997 main     Package type: LINUX_64BITS_GENERIC (OSE)
00:00:00.058414 main     IPC socket path: /tmp/.vbox-shivank-ipc/ipcd
00:00:00.214095 nspr-2   VirtualBox: object creation starts
00:00:00.214178 nspr-2   Home directory: '/home/shivank/.config/VirtualBox'
00:00:00.245774 nspr-2   Loading settings file "/home/shivank/.config/VirtualBox/VirtualBox.xml" with version "1.14-linux"
00:00:00.315863 nspr-2   USB: Unknown USB device detected (idVendor: 0x8087, idProduct: 0x07dc)
00:00:00.316214 nspr-2   Successfully initialised host USB using sysfs
00:00:00.339624 nspr-2   NetIfAdpCtlOut: VBoxNetAdpCtl: Error while retrieving link speed for wlp6s0: VBoxNetAdpCtl: ioctl failed: Operation not supported
00:00:00.349664 nspr-2   HostDnsMonitor: initializing
00:00:00.349986 nspr-2   NAT: resolv.conf: nameserver 192.168.1.1
00:00:00.350001 nspr-2   NAT: resolv.conf: FIXME: ignoring IPv6 zone %wlp6s0
00:00:00.350005 nspr-2   NAT: resolv.conf: nameserver fe80::fe87:43ff:fe1d:71e
00:00:00.350017 nspr-2   HostDnsMonitor: updating information
00:00:00.350031 nspr-2   HostDnsMonitor: old information
00:00:00.350035 nspr-2     no server entries
00:00:00.350038 nspr-2     no domain set
00:00:00.350040 nspr-2     no search string entries
00:00:00.350043 nspr-2   HostDnsMonitor: new information
00:00:00.350046 nspr-2     server 1: 192.168.1.1
00:00:00.350050 nspr-2     server 2: fe80::fe87:43ff:fe1d:71e%wlp6s0
00:00:00.350053 nspr-2     no domain set
00:00:00.350055 nspr-2     no search string entries
00:00:00.514299 nspr-2   VD: VDInit finished with VINF_SUCCESS
00:00:00.519523 nspr-2   ERROR [COM]: aRC=NS_ERROR_FAILURE (0x80004005) aIID={027bc463-929c-40e8-bf16-fea557cd8e7e} aComponent={SystemPropertiesWrap} aText={Cannot determine default Guest Additions ISO location. Most likely they are not available}, preserve=false aResultDetail=0
00:00:00.598623 nspr-2   Loading settings file "/home/shivank/VirtualBox VMs/Kali/Kali.vbox" with version "1.16-linux"
00:00:00.657916 nspr-2   OCI: Local config file '/home/shivank/.config/VirtualBox/oci_config' does not exist
00:00:00.657975 nspr-2   OCI: Original config file '/home/shivank/.oci/config' does not exist
00:00:00.657985 nspr-2   OCI: Reading profiles finished with status NS_OK
00:00:00.658003 nspr-2   ExtPack: Created cloud provider 'OCI' (hrc=NS_OK)
00:00:00.658055 nspr-2   VirtualBox: object created
00:00:10.876244 nspr-4   Saving settings file "/home/shivank/.config/VirtualBox/VirtualBox.xml" with version "1.14-linux"
00:00:10.991533 nspr-3   Saving settings file "/home/shivank/.config/VirtualBox/VirtualBox.xml" with version "1.14-linux"
00:00:11.063827 nspr-4   Saving settings file "/home/shivank/.config/VirtualBox/VirtualBox.xml" with version "1.14-linux"
00:00:11.125504 nspr-5   Saving settings file "/home/shivank/.config/VirtualBox/VirtualBox.xml" with version "1.14-linux"
00:00:16.703649 main     VirtualBox: object deletion starts
00:00:16.703691 main     ERROR [COM]: aRC=VBOX_E_OBJECT_IN_USE (0x80bb000c) aIID={ad47ad09-787b-44ab-b343-a082a3f2dfb1} aComponent={MediumWrap} aText={Medium '/home/shivank/VirtualBox VMs/Kali/Kali.vdi' cannot be closed because it is still attached to 1 virtual machines}, preserve=false aResultDetail=0
00:00:16.704055 main     HostDnsMonitor: shutting down ...
00:00:16.716404 main     HostDnsMonitor: shut down
00:00:17.163509 Watcher  ERROR [COM]: aRC=E_ACCESSDENIED (0x80070005) aIID={d0a0163f-e254-4e5b-a1f2-011cf991c38d} aComponent={VirtualBoxWrap} aText={The object is not ready}, preserve=false aResultDetail=0
00:00:21.729738 main     {00007f97a8018870} HostPowerServiceLinux::~HostPowerServiceLinux: RTThreadWait() for 5000 ms failed with VERR_TIMEOUT
00:00:21.730201 main     VirtualBox: object deleted
