[2021-07-20 17:56:54.487] [exthost] [info] extension host started
[2021-07-20 17:56:54.487] [exthost] [info] Skipping acquiring lock for /home/shivank/.config/Code/User/workspaceStorage/1b6973cb2025ef7d059ecd6f069875bb.
[2021-07-20 17:56:54.954] [exthost] [info] ExtensionService#_doActivateExtension vscode.microsoft-authentication {"startup":false,"extensionId":{"value":"vscode.microsoft-authentication","_lower":"vscode.microsoft-authentication"},"activationEvent":"onAuthenticationRequest:microsoft"}
[2021-07-20 17:56:54.954] [exthost] [info] ExtensionService#loadCommonJSModule file:///home/shivank/Documents/VSCode-linux-x64/resources/app/extensions/microsoft-authentication/dist/extension.js
[2021-07-20 17:56:54.975] [exthost] [info] ExtensionService#_doActivateExtension vscode.css-language-features {"startup":false,"extensionId":{"value":"vscode.css-language-features","_lower":"vscode.css-language-features"},"activationEvent":"onLanguage:css"}
[2021-07-20 17:56:54.975] [exthost] [info] ExtensionService#loadCommonJSModule file:///home/shivank/Documents/VSCode-linux-x64/resources/app/extensions/css-language-features/client/dist/node/cssClientMain
[2021-07-20 17:56:55.006] [exthost] [info] ExtensionService#_doActivateExtension vscode.emmet {"startup":false,"extensionId":{"value":"vscode.emmet","_lower":"vscode.emmet"},"activationEvent":"onLanguage:css"}
[2021-07-20 17:56:55.006] [exthost] [info] ExtensionService#loadCommonJSModule file:///home/shivank/Documents/VSCode-linux-x64/resources/app/extensions/emmet/dist/node/emmetNodeMain
[2021-07-20 17:56:55.017] [exthost] [info] ExtensionService#_doActivateExtension vscode.debug-auto-launch {"startup":true,"extensionId":{"value":"vscode.debug-auto-launch","_lower":"vscode.debug-auto-launch"},"activationEvent":"*"}
[2021-07-20 17:56:55.017] [exthost] [info] ExtensionService#loadCommonJSModule file:///home/shivank/Documents/VSCode-linux-x64/resources/app/extensions/debug-auto-launch/dist/extension
[2021-07-20 17:56:55.023] [exthost] [info] ExtensionService#_doActivateExtension vscode.git {"startup":true,"extensionId":{"value":"vscode.github","_lower":"vscode.github"},"activationEvent":"*"}
[2021-07-20 17:56:55.023] [exthost] [info] ExtensionService#loadCommonJSModule file:///home/shivank/Documents/VSCode-linux-x64/resources/app/extensions/git/dist/main
[2021-07-20 17:56:55.057] [exthost] [info] ExtensionService#_doActivateExtension TabNine.tabnine-vscode {"startup":true,"extensionId":{"value":"TabNine.tabnine-vscode","_lower":"tabnine.tabnine-vscode"},"activationEvent":"*"}
[2021-07-20 17:56:55.057] [exthost] [info] ExtensionService#loadCommonJSModule file:///home/shivank/.vscode/extensions/tabnine.tabnine-vscode-3.4.17/out/extension
[2021-07-20 17:56:55.756] [exthost] [info] ExtensionService#_doActivateExtension vscode.configuration-editing {"startup":false,"extensionId":{"value":"vscode.configuration-editing","_lower":"vscode.configuration-editing"},"activationEvent":"onLanguage:jsonc"}
[2021-07-20 17:56:55.756] [exthost] [info] ExtensionService#loadCommonJSModule file:///home/shivank/Documents/VSCode-linux-x64/resources/app/extensions/configuration-editing/dist/configurationEditingMain
[2021-07-20 17:56:55.761] [exthost] [info] ExtensionService#_doActivateExtension vscode.json-language-features {"startup":false,"extensionId":{"value":"vscode.json-language-features","_lower":"vscode.json-language-features"},"activationEvent":"onLanguage:jsonc"}
[2021-07-20 17:56:55.761] [exthost] [info] ExtensionService#loadCommonJSModule file:///home/shivank/Documents/VSCode-linux-x64/resources/app/extensions/json-language-features/client/dist/node/jsonClientMain
[2021-07-20 17:56:55.792] [exthost] [info] ExtensionService#_doActivateExtension vscode.typescript-language-features {"startup":false,"extensionId":{"value":"vscode.typescript-language-features","_lower":"vscode.typescript-language-features"},"activationEvent":"onLanguage:jsonc"}
[2021-07-20 17:56:55.792] [exthost] [info] ExtensionService#loadCommonJSModule file:///home/shivank/Documents/VSCode-linux-x64/resources/app/extensions/typescript-language-features/dist/extension
