[2021-07-21 12:49:15.132] [sharedprocess] [info] [logs cleanup]: Starting to clean up old logs.
[2021-07-21 12:49:15.133] [sharedprocess] [info] [logs cleanup]: Removing log folders '20210717T163637, 20210717T164124'
[2021-07-21 12:49:35.132] [sharedprocess] [info] [code cache cleanup]: Starting to clean up old code cache folders.
[2021-07-21 12:49:35.133] [sharedprocess] [info] [storage cleanup]: Starting to clean up storage folders.
[2021-07-21 12:49:45.129] [sharedprocess] [info] [language pack cache cleanup]: Starting to clean up unused language packs.
[2021-07-21 12:49:57.992] [sharedprocess] [info] Uninstalling extension: sudhan.neondark-theme
[2021-07-21 12:49:58.087] [sharedprocess] [info] Successfully uninstalled extension: sudhan.neondark-theme
[2021-07-21 12:49:58.318] [sharedprocess] [info] Detected extension removed from another source sudhan.neondark-theme
[2021-07-21 12:50:52.946] [sharedprocess] [info] Installing extension: vscjava.vscode-java-pack
[2021-07-21 12:51:03.083] [sharedprocess] [info] Installing extension: visualstudioexptteam.vscodeintellicode
[2021-07-21 12:51:03.083] [sharedprocess] [info] Installing extension: redhat.java
[2021-07-21 12:51:03.084] [sharedprocess] [info] Installing extension: vscjava.vscode-java-debug
[2021-07-21 12:51:03.084] [sharedprocess] [info] Installing extension: vscjava.vscode-maven
[2021-07-21 12:51:03.084] [sharedprocess] [info] Installing extension: vscjava.vscode-java-test
[2021-07-21 12:51:03.085] [sharedprocess] [info] Installing extension: vscjava.vscode-java-dependency
[2021-07-21 12:52:01.196] [sharedprocess] [info] Downloaded extension: vscjava.vscode-java-dependency /home/shivank/.config/Code/CachedExtensionVSIXs/vscjava.vscode-java-dependency-0.18.5
[2021-07-21 12:52:01.312] [sharedprocess] [info] Extracted extension to /home/shivank/.vscode/extensions/.3e4cca70-a0dc-4112-ad04-150f66c6e48e: vscjava.vscode-java-dependency
[2021-07-21 12:52:01.353] [sharedprocess] [info] Renamed to /home/shivank/.vscode/extensions/vscjava.vscode-java-dependency-0.18.5
[2021-07-21 12:52:01.355] [sharedprocess] [info] Installation completed. vscjava.vscode-java-dependency
[2021-07-21 12:52:01.407] [sharedprocess] [info] Extensions installed successfully: vscjava.vscode-java-dependency
[2021-07-21 12:52:13.482] [sharedprocess] [info] Downloaded extension: vscjava.vscode-java-debug /home/shivank/.config/Code/CachedExtensionVSIXs/vscjava.vscode-java-debug-0.34.0
[2021-07-21 12:52:13.605] [sharedprocess] [info] Extracted extension to /home/shivank/.vscode/extensions/.f38046ef-7d64-4a84-9c48-4a7c6d0d0688: vscjava.vscode-java-debug
[2021-07-21 12:52:13.659] [sharedprocess] [info] Renamed to /home/shivank/.vscode/extensions/vscjava.vscode-java-debug-0.34.0
[2021-07-21 12:52:13.662] [sharedprocess] [info] Installation completed. vscjava.vscode-java-debug
[2021-07-21 12:52:13.705] [sharedprocess] [info] Extensions installed successfully: vscjava.vscode-java-debug
[2021-07-21 12:54:15.856] [sharedprocess] [info] Downloaded extension: vscjava.vscode-maven /home/shivank/.config/Code/CachedExtensionVSIXs/vscjava.vscode-maven-0.31.0
[2021-07-21 12:54:16.261] [sharedprocess] [info] Extracted extension to /home/shivank/.vscode/extensions/.c761d931-6cdc-407c-9df4-55c08951de4f: vscjava.vscode-maven
[2021-07-21 12:54:16.316] [sharedprocess] [info] Renamed to /home/shivank/.vscode/extensions/vscjava.vscode-maven-0.31.0
[2021-07-21 12:54:16.318] [sharedprocess] [info] Installation completed. vscjava.vscode-maven
[2021-07-21 12:54:16.362] [sharedprocess] [info] Extensions installed successfully: vscjava.vscode-maven
[2021-07-21 12:54:36.911] [sharedprocess] [info] Installing extension: trinm1709.dracula-theme-from-intellij
[2021-07-21 12:54:46.202] [sharedprocess] [info] Downloaded extension: visualstudioexptteam.vscodeintellicode /home/shivank/.config/Code/CachedExtensionVSIXs/visualstudioexptteam.vscodeintellicode-1.2.14
[2021-07-21 12:54:46.959] [sharedprocess] [info] Extracted extension to /home/shivank/.vscode/extensions/.60a4d871-dbf4-4a3e-8300-c2f7ccc40a70: visualstudioexptteam.vscodeintellicode
[2021-07-21 12:54:47.024] [sharedprocess] [info] Renamed to /home/shivank/.vscode/extensions/visualstudioexptteam.vscodeintellicode-1.2.14
[2021-07-21 12:54:47.026] [sharedprocess] [info] Installation completed. visualstudioexptteam.vscodeintellicode
[2021-07-21 12:54:47.081] [sharedprocess] [info] Extensions installed successfully: visualstudioexptteam.vscodeintellicode
[2021-07-21 12:54:49.838] [sharedprocess] [info] Downloaded extension: trinm1709.dracula-theme-from-intellij /home/shivank/.config/Code/CachedExtensionVSIXs/trinm1709.dracula-theme-from-intellij-0.3.0
[2021-07-21 12:54:49.857] [sharedprocess] [info] Extracted extension to /home/shivank/.vscode/extensions/.883bc6f2-d36e-4e3f-9911-400851c983e6: trinm1709.dracula-theme-from-intellij
[2021-07-21 12:54:49.905] [sharedprocess] [info] Renamed to /home/shivank/.vscode/extensions/trinm1709.dracula-theme-from-intellij-0.3.0
[2021-07-21 12:54:49.907] [sharedprocess] [info] Installation completed. trinm1709.dracula-theme-from-intellij
[2021-07-21 12:54:49.952] [sharedprocess] [info] Extensions installed successfully: trinm1709.dracula-theme-from-intellij
