Validating found git in: git
Using git 2.32.0 from git
Opening repository for path='/home/shivank/Shivank/Programming/qutebrowser-startpage' failed; ex=Failed to execute git {
  "exitCode": 128,
  "gitErrorCode": "NotAGitRepository",
  "gitCommand": "rev-parse",
  "stdout": "",
  "stderr": "fatal: not a git repository (or any of the parent directories): .git\n"
}
Opening repository for path='/home/shivank/Shivank/Programming/qutebrowser-startpage' failed; ex=Failed to execute git {
  "exitCode": 128,
  "gitErrorCode": "NotAGitRepository",
  "gitCommand": "rev-parse",
  "stdout": "",
  "stderr": "fatal: not a git repository (or any of the parent directories): .git\n"
}
Opening repository for path='/home/shivank/Shivank/Programming/qutebrowser-startpage/bruteforce-hacking-simulator' failed; ex=Failed to execute git {
  "exitCode": 128,
  "gitErrorCode": "NotAGitRepository",
  "gitCommand": "rev-parse",
  "stdout": "",
  "stderr": "fatal: not a git repository (or any of the parent directories): .git\n"
}
Opening repository for path='/home/shivank/Shivank/Programming/qutebrowser-startpage/index.html' failed; ex=Error: spawn ENOTDIR
Opening repository for path='/home/shivank/Shivank/Programming/qutebrowser-startpage/lights.css' failed; ex=Error: spawn ENOTDIR
Opening repository for path='/home/shivank/Shivank/Programming/qutebrowser-startpage/normal.css' failed; ex=Error: spawn ENOTDIR
Opening repository for path='/home/shivank/Shivank/Programming/qutebrowser-startpage' failed; ex=Failed to execute git {
  "exitCode": 128,
  "gitErrorCode": "NotAGitRepository",
  "gitCommand": "rev-parse",
  "stdout": "",
  "stderr": "fatal: not a git repository (or any of the parent directories): .git\n"
}
Opening repository for path='/home/shivank/Shivank/Programming/qutebrowser-startpage' failed; ex=Failed to execute git {
  "exitCode": 128,
  "gitErrorCode": "NotAGitRepository",
  "gitCommand": "rev-parse",
  "stdout": "",
  "stderr": "fatal: not a git repository (or any of the parent directories): .git\n"
}
Opening repository for path='/home/shivank/Shivank/Programming/qutebrowser-startpage' failed; ex=Failed to execute git {
  "exitCode": 128,
  "gitErrorCode": "NotAGitRepository",
  "gitCommand": "rev-parse",
  "stdout": "",
  "stderr": "fatal: not a git repository (or any of the parent directories): .git\n"
}
